Arguments: 
  /usr/local/bin/node /usr/local/Cellar/yarn/1.10.1/libexec/bin/yarn.js global bin

PATH: 
  /Users/eliasjohansson/.fastlane/bin:/Users/eliasjohansson/bin:/usr/local/bin:/Users/eliasjohansson/.composer/vendor/bin:/Library/Frameworks/Python.framework/Versions/3.7/bin:/usr/local/bin:/usr/bin:/bin:/usr/sbin:/sbin:/usr/local/go/bin:/usr/local/share/dotnet:/Library/Frameworks/Mono.framework/Versions/Current/Commands:/Applications/Xamarin Workbooks.app/Contents/SharedSupport/path-bin:/usr/local/opt/sqlite/bin:/Users/eliasjohansson/Library/flutter/bin:/Users/eliasjohansson/.fastlane/bin:/Users/eliasjohansson/bin:/Users/eliasjohansson/.composer/vendor/bin:/Library/Frameworks/Python.framework/Versions/3.7/bin:/Users/eliasjohansson/Library/Android/sdk/emulator:/Users/eliasjohansson/Developer/Go/bin

Yarn version: 
  1.10.1

Node version: 
  8.12.0

Platform: 
  darwin x64

Trace: 
  SyntaxError: /Applications/MAMP/htdocs/fake-news/package.json: Unexpected token } in JSON at position 277
      at JSON.parse (<anonymous>)
      at /usr/local/Cellar/yarn/1.10.1/libexec/lib/cli.js:1136:59
      at Generator.next (<anonymous>)
      at step (/usr/local/Cellar/yarn/1.10.1/libexec/lib/cli.js:98:30)
      at /usr/local/Cellar/yarn/1.10.1/libexec/lib/cli.js:109:13
      at <anonymous>

npm manifest: 
  {
    "name": "fake-news",
    "version": "1.0.0",
    "main": "public/assets/js/main.js",
    "repository": "https://github.com/eliasjohansson/fake-news.git",
    "author": "Elias Johansson <elias_johansson@hotmail.se>",
    "license": "MIT",
    "dependencies": {
      "bulma": "^0.7.2",
    }
  }

yarn manifest: 
  No manifest

Lockfile: 
  # THIS IS AN AUTOGENERATED FILE. DO NOT EDIT THIS FILE DIRECTLY.
  # yarn lockfile v1
  
  
  bulma@^0.7.2:
    version "0.7.2"
    resolved "https://registry.yarnpkg.com/bulma/-/bulma-0.7.2.tgz#8e944377b74c7926558830d38d8e19eaf49f5fb6"
    integrity sha512-6JHEu8U/1xsyOst/El5ImLcZIiE2JFXgvrz8GGWbnDLwTNRPJzdAM0aoUM1Ns0avALcVb6KZz9NhzmU53dGDcQ==
  
  spectre.css@^0.5.3:
    version "0.5.3"
    resolved "https://registry.yarnpkg.com/spectre.css/-/spectre.css-0.5.3.tgz#90d9b08dec06f1379c8ebf6deb4580e01e705101"
    integrity sha1-kNmwjewG8Tecjr9t60WA4B5wUQE=
